#
# There is insufficient memory for the Java Runtime Environment to continue.
# Native memory allocation (malloc) failed to allocate 997152 bytes for Chunk::new
# Possible reasons:
#   The system is out of physical RAM or swap space
#   In 32 bit mode, the process size limit was hit
# Possible solutions:
#   Reduce memory load on the system
#   Increase physical memory or swap space
#   Check if swap backing store is full
#   Use 64 bit Java on a 64 bit OS
#   Decrease Java heap size (-Xmx/-Xms)
#   Decrease number of Java threads
#   Decrease Java thread stack sizes (-Xss)
#   Set larger code cache with -XX:ReservedCodeCacheSize=
# This output file may be truncated or incomplete.
#
#  Out of Memory Error (allocation.cpp:390), pid=17136, tid=0x000000000000443c
#
# JRE version: Java(TM) SE Runtime Environment (8.0_92-b14) (build 1.8.0_92-b14)
# Java VM: Java HotSpot(TM) 64-Bit Server VM (25.92-b14 mixed mode windows-amd64 compressed oops)
# Failed to write core dump. Minidumps are not enabled by default on client versions of Windows
#

---------------  T H R E A D  ---------------

Current thread (0x0000000015618000):  JavaThread "C2 CompilerThread0" daemon [_thread_in_native, id=17468, stack(0x0000000016c50000,0x0000000016d50000)]

Stack: [0x0000000016c50000,0x0000000016d50000]
[error occurred during error reporting (printing stack bounds), id 0xc0000005]

Native frames: (J=compiled Java code, j=interpreted, Vv=VM code, C=native code)


Current CompileTask:
C2:  49009 3269   !   4       com.android.dx.cf.code.RopperMachine::run (1550 bytes)


---------------  P R O C E S S  ---------------

Java Threads: ( => current thread )
  0x0000000017143800 JavaThread "pool-2-thread-4" [_thread_blocked, id=17272, stack(0x0000000019120000,0x0000000019220000)]
  0x0000000017142800 JavaThread "pool-2-thread-3" [_thread_blocked, id=27544, stack(0x0000000019020000,0x0000000019120000)]
  0x0000000017142000 JavaThread "pool-2-thread-2" [_thread_blocked, id=11428, stack(0x0000000018f20000,0x0000000019020000)]
  0x0000000017a56800 JavaThread "pool-3-thread-1" [_thread_blocked, id=18260, stack(0x0000000018e20000,0x0000000018f20000)]
  0x0000000017a55000 JavaThread "pool-2-thread-1" [_thread_blocked, id=22716, stack(0x0000000018d20000,0x0000000018e20000)]
  0x0000000016f55000 JavaThread "Service Thread" daemon [_thread_blocked, id=3720, stack(0x0000000017350000,0x0000000017450000)]
  0x000000001566d000 JavaThread "C1 CompilerThread2" daemon [_thread_blocked, id=16844, stack(0x0000000016e50000,0x0000000016f50000)]
  0x000000001560a000 JavaThread "C2 CompilerThread1" daemon [_thread_blocked, id=18280, stack(0x0000000016d50000,0x0000000016e50000)]
=>0x0000000015618000 JavaThread "C2 CompilerThread0" daemon [_thread_in_native, id=17468, stack(0x0000000016c50000,0x0000000016d50000)]
  0x0000000015616800 JavaThread "Attach Listener" daemon [_thread_blocked, id=10000, stack(0x0000000016b50000,0x0000000016c50000)]
  0x0000000015615800 JavaThread "Signal Dispatcher" daemon [_thread_blocked, id=10100, stack(0x0000000016a50000,0x0000000016b50000)]
  0x0000000002f34800 JavaThread "Finalizer" daemon [_thread_blocked, id=26696, stack(0x0000000016860000,0x0000000016960000)]
  0x0000000002f2f800 JavaThread "Reference Handler" daemon [_thread_blocked, id=22304, stack(0x0000000016760000,0x0000000016860000)]
  0x0000000002e40800 JavaThread "main" [_thread_in_native, id=16644, stack(0x0000000002c60000,0x0000000002d60000)]

Other Threads:
  0x00000000155d8000 VMThread [stack: 0x0000000016660000,0x0000000016760000] [id=12668]
  0x0000000016f59000 WatcherThread [stack: 0x0000000017450000,0x0000000017550000] [id=13200]

VM state:not at safepoint (normal execution)

VM Mutex/Monitor currently owned by a thread: None

Heap:
 PSYoungGen      total 231424K, used 155130K [0x00000000eab00000, 0x00000000ff800000, 0x0000000100000000)
  eden space 123392K, 81% used [0x00000000eab00000,0x00000000f0d44ff8,0x00000000f2380000)
  from space 108032K, 50% used [0x00000000f2380000,0x00000000f58b9a88,0x00000000f8d00000)
  to   space 107008K, 0% used [0x00000000f8f80000,0x00000000f8f80000,0x00000000ff800000)
 ParOldGen       total 699392K, used 650772K [0x00000000c0000000, 0x00000000eab00000, 0x00000000eab00000)
  object space 699392K, 93% used [0x00000000c0000000,0x00000000e7b85198,0x00000000eab00000)
 Metaspace       used 6712K, capacity 7320K, committed 7680K, reserved 1056768K
  class space    used 631K, capacity 656K, committed 768K, reserved 1048576K

Card table byte_map: [0x0000000012300000,0x0000000012510000] byte_map_base: 0x0000000011d00000

Marking Bits: (ParMarkBitMap*) 0x0000000050d864f0
 Begin Bits: [0x0000000012a70000, 0x0000000013a70000)
 End Bits:   [0x0000000013a70000, 0x0000000014a70000)

Polling page: 0x0000000001400000

CodeCache: size=245760Kb used=13602Kb max_used=13808Kb free=232157Kb
 bounds [0x0000000002f40000, 0x0000000003d10000, 0x0000000011f40000]
 total_blobs=2949 nmethods=2678 adapters=183
 compilation: enabled

Compilation events (10 events):
Event: 44.059 Thread 0x0000000015618000 nmethod 3262 0x00000000034ea990 code [0x00000000034eae40, 0x00000000034ee998]
Event: 44.440 Thread 0x000000001566d000 3265       3       com.android.dx.ssa.PhiTypeResolver::run (179 bytes)
Event: 44.443 Thread 0x000000001566d000 nmethod 3265 0x0000000003335c90 code [0x0000000003335f20, 0x0000000003337068]
Event: 45.080 Thread 0x000000001566d000 3266   !   3       com.android.dx.cf.code.RopperMachine::run (1550 bytes)
Event: 45.088 Thread 0x000000001560a000 3267       4       com.android.dx.rop.code.Rops::opMoveResult (23 bytes)
Event: 45.093 Thread 0x000000001560a000 nmethod 3267 0x000000000347f1d0 code [0x000000000347f320, 0x000000000347f478]
Event: 45.118 Thread 0x000000001566d000 nmethod 3266 0x0000000003ceaa10 code [0x0000000003cebc40, 0x0000000003cfa948]
Event: 46.923 Thread 0x000000001566d000 3268   !   3       java.util.concurrent.locks.AbstractQueuedSynchronizer::doAcquireInterruptibly (97 bytes)
Event: 46.927 Thread 0x000000001566d000 nmethod 3268 0x000000000305b2d0 code [0x000000000305b520, 0x000000000305c0f8]
Event: 48.622 Thread 0x0000000015618000 3269   !   4       com.android.dx.cf.code.RopperMachine::run (1550 bytes)

GC Heap History (10 events):
Event: 38.279 GC heap before
{Heap before GC invocations=40 (full 5):
 PSYoungGen      total 232960K, used 136132K [0x00000000eab00000, 0x0000000100000000, 0x0000000100000000)
  eden space 116736K, 100% used [0x00000000eab00000,0x00000000f1d00000,0x00000000f1d00000)
  from space 116224K, 16% used [0x00000000f8e80000,0x00000000fa1713b0,0x0000000100000000)
  to   space 116224K, 0% used [0x00000000f1d00000,0x00000000f1d00000,0x00000000f8e80000)
 ParOldGen       total 699392K, used 590554K [0x00000000c0000000, 0x00000000eab00000, 0x00000000eab00000)
  object space 699392K, 84% used [0x00000000c0000000,0x00000000e40b6900,0x00000000eab00000)
 Metaspace       used 6710K, capacity 7320K, committed 7680K, reserved 1056768K
  class space    used 631K, capacity 656K, committed 768K, reserved 1048576K
Event: 38.360 GC heap after
Heap after GC invocations=40 (full 5):
 PSYoungGen      total 232960K, used 22980K [0x00000000eab00000, 0x0000000100000000, 0x0000000100000000)
  eden space 116736K, 0% used [0x00000000eab00000,0x00000000eab00000,0x00000000f1d00000)
  from space 116224K, 19% used [0x00000000f1d00000,0x00000000f3371288,0x00000000f8e80000)
  to   space 116224K, 0% used [0x00000000f8e80000,0x00000000f8e80000,0x0000000100000000)
 ParOldGen       total 699392K, used 609102K [0x00000000c0000000, 0x00000000eab00000, 0x00000000eab00000)
  object space 699392K, 87% used [0x00000000c0000000,0x00000000e52d3918,0x00000000eab00000)
 Metaspace       used 6710K, capacity 7320K, committed 7680K, reserved 1056768K
  class space    used 631K, capacity 656K, committed 768K, reserved 1048576K
}
Event: 38.500 GC heap before
{Heap before GC invocations=41 (full 5):
 PSYoungGen      total 232960K, used 139716K [0x00000000eab00000, 0x0000000100000000, 0x0000000100000000)
  eden space 116736K, 100% used [0x00000000eab00000,0x00000000f1d00000,0x00000000f1d00000)
  from space 116224K, 19% used [0x00000000f1d00000,0x00000000f3371288,0x00000000f8e80000)
  to   space 116224K, 0% used [0x00000000f8e80000,0x00000000f8e80000,0x0000000100000000)
 ParOldGen       total 699392K, used 609102K [0x00000000c0000000, 0x00000000eab00000, 0x00000000eab00000)
  object space 699392K, 87% used [0x00000000c0000000,0x00000000e52d3998,0x00000000eab00000)
 Metaspace       used 6710K, capacity 7320K, committed 7680K, reserved 1056768K
  class space    used 631K, capacity 656K, committed 768K, reserved 1048576K
Event: 38.552 GC heap after
Heap after GC invocations=41 (full 5):
 PSYoungGen      total 232960K, used 20190K [0x00000000eab00000, 0x0000000100000000, 0x0000000100000000)
  eden space 116736K, 0% used [0x00000000eab00000,0x00000000eab00000,0x00000000f1d00000)
  from space 116224K, 17% used [0x00000000f8e80000,0x00000000fa2378c8,0x0000000100000000)
  to   space 116224K, 0% used [0x00000000f1d00000,0x00000000f1d00000,0x00000000f8e80000)
 ParOldGen       total 699392K, used 631405K [0x00000000c0000000, 0x00000000eab00000, 0x00000000eab00000)
  object space 699392K, 90% used [0x00000000c0000000,0x00000000e689b7d0,0x00000000eab00000)
 Metaspace       used 6710K, capacity 7320K, committed 7680K, reserved 1056768K
  class space    used 631K, capacity 656K, committed 768K, reserved 1048576K
}
Event: 38.816 GC heap before
{Heap before GC invocations=42 (full 5):
 PSYoungGen      total 232960K, used 136926K [0x00000000eab00000, 0x0000000100000000, 0x0000000100000000)
  eden space 116736K, 100% used [0x00000000eab00000,0x00000000f1d00000,0x00000000f1d00000)
  from space 116224K, 17% used [0x00000000f8e80000,0x00000000fa2378c8,0x0000000100000000)
  to   space 116224K, 0% used [0x00000000f1d00000,0x00000000f1d00000,0x00000000f8e80000)
 ParOldGen       total 699392K, used 632251K [0x00000000c0000000, 0x00000000eab00000, 0x00000000eab00000)
  object space 699392K, 90% used [0x00000000c0000000,0x00000000e696ef90,0x00000000eab00000)
 Metaspace       used 6710K, capacity 7320K, committed 7680K, reserved 1056768K
  class space    used 631K, capacity 656K, committed 768K, reserved 1048576K
Event: 38.893 GC heap after
Heap after GC invocations=42 (full 5):
 PSYoungGen      total 134656K, used 17571K [0x00000000eab00000, 0x00000000ffd00000, 0x0000000100000000)
  eden space 116736K, 0% used [0x00000000eab00000,0x00000000eab00000,0x00000000f1d00000)
  from space 17920K, 98% used [0x00000000f1d00000,0x00000000f2e28c38,0x00000000f2e80000)
  to   space 114688K, 0% used [0x00000000f8d00000,0x00000000f8d00000,0x00000000ffd00000)
 ParOldGen       total 699392K, used 650769K [0x00000000c0000000, 0x00000000eab00000, 0x00000000eab00000)
  object space 699392K, 93% used [0x00000000c0000000,0x00000000e7b844e0,0x00000000eab00000)
 Metaspace       used 6710K, capacity 7320K, committed 7680K, reserved 1056768K
  class space    used 631K, capacity 656K, committed 768K, reserved 1048576K
}
Event: 39.361 GC heap before
{Heap before GC invocations=43 (full 5):
 PSYoungGen      total 134656K, used 134307K [0x00000000eab00000, 0x00000000ffd00000, 0x0000000100000000)
  eden space 116736K, 100% used [0x00000000eab00000,0x00000000f1d00000,0x00000000f1d00000)
  from space 17920K, 98% used [0x00000000f1d00000,0x00000000f2e28c38,0x00000000f2e80000)
  to   space 114688K, 0% used [0x00000000f8d00000,0x00000000f8d00000,0x00000000ffd00000)
 ParOldGen       total 699392K, used 650772K [0x00000000c0000000, 0x00000000eab00000, 0x00000000eab00000)
  object space 699392K, 93% used [0x00000000c0000000,0x00000000e7b85198,0x00000000eab00000)
 Metaspace       used 6711K, capacity 7320K, committed 7680K, reserved 1056768K
  class space    used 631K, capacity 656K, committed 768K, reserved 1048576K
Event: 39.432 GC heap after
Heap after GC invocations=43 (full 5):
 PSYoungGen      total 237568K, used 34391K [0x00000000eab00000, 0x00000000ffc80000, 0x0000000100000000)
  eden space 123392K, 0% used [0x00000000eab00000,0x00000000eab00000,0x00000000f2380000)
  from space 114176K, 30% used [0x00000000f8d00000,0x00000000fae95f18,0x00000000ffc80000)
  to   space 108032K, 0% used [0x00000000f2380000,0x00000000f2380000,0x00000000f8d00000)
 ParOldGen       total 699392K, used 650772K [0x00000000c0000000, 0x00000000eab00000, 0x00000000eab00000)
  object space 699392K, 93% used [0x00000000c0000000,0x00000000e7b85198,0x00000000eab00000)
 Metaspace       used 6711K, capacity 7320K, committed 7680K, reserved 1056768K
  class space    used 631K, capacity 656K, committed 768K, reserved 1048576K
}
Event: 39.863 GC heap before
{Heap before GC invocations=44 (full 5):
 PSYoungGen      total 237568K, used 157783K [0x00000000eab00000, 0x00000000ffc80000, 0x0000000100000000)
  eden space 123392K, 100% used [0x00000000eab00000,0x00000000f2380000,0x00000000f2380000)
  from space 114176K, 30% used [0x00000000f8d00000,0x00000000fae95f18,0x00000000ffc80000)
  to   space 108032K, 0% used [0x00000000f2380000,0x00000000f2380000,0x00000000f8d00000)
 ParOldGen       total 699392K, used 650772K [0x00000000c0000000, 0x00000000eab00000, 0x00000000eab00000)
  object space 699392K, 93% used [0x00000000c0000000,0x00000000e7b85198,0x00000000eab00000)
 Metaspace       used 6712K, capacity 7320K, committed 7680K, reserved 1056768K
  class space    used 631K, capacity 656K, committed 768K, reserved 1048576K
Event: 39.988 GC heap after
Heap after GC invocations=44 (full 5):
 PSYoungGen      total 231424K, used 54502K [0x00000000eab00000, 0x00000000ff800000, 0x0000000100000000)
  eden space 123392K, 0% used [0x00000000eab00000,0x00000000eab00000,0x00000000f2380000)
  from space 108032K, 50% used [0x00000000f2380000,0x00000000f58b9a88,0x00000000f8d00000)
  to   space 107008K, 0% used [0x00000000f8f80000,0x00000000f8f80000,0x00000000ff800000)
 ParOldGen       total 699392K, used 650772K [0x00000000c0000000, 0x00000000eab00000, 0x00000000eab00000)
  object space 699392K, 93% used [0x00000000c0000000,0x00000000e7b85198,0x00000000eab00000)
 Metaspace       used 6712K, capacity 7320K, committed 7680K, reserved 1056768K
  class space    used 631K, capacity 656K, committed 768K, reserved 1048576K
}

Deoptimization events (10 events):
Event: 37.942 Thread 0x0000000002e40800 Uncommon trap: reason=class_check action=maybe_recompile pc=0x00000000030e6f98 method=java.util.regex.Matcher.search(I)Z @ 86
Event: 37.942 Thread 0x0000000002e40800 Uncommon trap: reason=class_check action=maybe_recompile pc=0x00000000030d5654 method=java.util.regex.Matcher.search(I)Z @ 86
Event: 37.942 Thread 0x0000000002e40800 Uncommon trap: reason=unloaded action=reinterpret pc=0x0000000003a55104 method=com.android.dx.dex.cf.AttributeTranslator.getClassAnnotations(Lcom/android/dx/cf/direct/DirectClassFile;Lcom/android/dx/dex/cf/CfOptions;)Lcom/android/dx/rop/annotation/Annotati¨ÁaçøB@
Event: 37.945 Thread 0x0000000002e40800 Uncommon trap: reason=unstable_if action=reinterpret pc=0x00000000030b82d4 method=java.util.regex.Pattern$BnM.optimize(Ljava/util/regex/Pattern$Node;)Ljava/util/regex/Pattern$Node; @ 22
Event: 37.945 Thread 0x0000000002e40800 Uncommon trap: reason=class_check action=maybe_recompile pc=0x00000000030fb368 method=java.util.regex.Matcher.search(I)Z @ 86
Event: 38.636 Thread 0x0000000017142000 Uncommon trap: reason=unstable_if action=reinterpret pc=0x0000000003278648 method=java.lang.Integer.valueOf(I)Ljava/lang/Integer; @ 10
Event: 39.683 Thread 0x0000000017142000 Uncommon trap: reason=unstable_if action=reinterpret pc=0x0000000003c54ff0 method=java.util.concurrent.locks.ReentrantLock$FairSync.tryAcquire(I)Z @ 26
Event: 39.684 Thread 0x0000000002e40800 Uncommon trap: reason=unstable_if action=reinterpret pc=0x00000000038f9da8 method=java.util.concurrent.locks.AbstractQueuedSynchronizer.acquireQueued(Ljava/util/concurrent/locks/AbstractQueuedSynchronizer$Node;I)Z @ 25
Event: 44.060 Thread 0x0000000017142800 Uncommon trap: reason=unstable_if action=reinterpret pc=0x0000000003a6b6c0 method=com.android.dx.ssa.PhiTypeResolver.resolveResultType(Lcom/android/dx/ssa/PhiInsn;)Z @ 293
Event: 45.079 Thread 0x0000000017142800 Uncommon trap: reason=unstable_if action=reinterpret pc=0x0000000003b89fe0 method=com.android.dx.cf.code.RopperMachine.run(Lcom/android/dx/cf/code/Frame;II)V @ 356

Internal exceptions (10 events):
Event: 1.919 Thread 0x0000000017143800 Implicit null exception at 0x00000000032ee5e2 to 0x00000000032ee6da
Event: 7.253 Thread 0x0000000017a55000 Implicit null exception at 0x00000000035b386a to 0x00000000035b4fad
Event: 7.261 Thread 0x0000000017a55000 Implicit null exception at 0x0000000003702709 to 0x00000000037048dd
Event: 10.212 Thread 0x0000000017142000 Implicit null exception at 0x00000000037f700c to 0x00000000037f7c19
Event: 10.486 Thread 0x0000000017142000 Implicit null exception at 0x0000000003618710 to 0x000000000361adfd
Event: 11.407 Thread 0x0000000002e40800 Implicit null exception at 0x00000000030a64c5 to 0x00000000030a6e45
Event: 21.661 Thread 0x0000000017143800 Implicit null exception at 0x00000000032030cc to 0x00000000032031ca
Event: 25.044 Thread 0x0000000017a55000 Implicit null exception at 0x000000000313ac63 to 0x000000000313ce3c
Event: 29.358 Thread 0x0000000017142800 Implicit null exception at 0x0000000003261a01 to 0x0000000003262975
Event: 44.060 Thread 0x0000000017142800 Implicit null exception at 0x0000000003a6b420 to 0x0000000003a6b69a

Events (10 events):
Event: 46.927 Thread 0x000000001566d000 flushing nmethod 0x000000000316cf50
Event: 46.927 Thread 0x000000001566d000 flushing nmethod 0x0000000003170510
Event: 46.927 Thread 0x000000001566d000 flushing nmethod 0x0000000003173ed0
Event: 46.927 Thread 0x000000001566d000 flushing nmethod 0x0000000003178f50
Event: 46.927 Thread 0x000000001566d000 flushing nmethod 0x0000000003179e10
Event: 46.927 Thread 0x000000001566d000 flushing nmethod 0x000000000317e550
Event: 46.927 Thread 0x000000001566d000 flushing nmethod 0x000000000317fdd0
Event: 46.927 Thread 0x000000001566d000 flushing nmethod 0x0000000003188150
Event: 46.927 Thread 0x000000001566d000 flushing nmethod 0x0000000003189d10
Event: 46.927 Thread 0x000000001566d000 flushing nmethod 0x000000000318b190


Dynamic libraries:
0x00007ff7da120000 - 0x00007ff7da157000 	C:\Program Files\Java\jdk1.8.0_92\bin\java.exe
0x00007ffd27620000 - 0x00007ffd277f1000 	C:\WINDOWS\SYSTEM32\ntdll.dll
0x00007ffd26bc0000 - 0x00007ffd26c6b000 	C:\WINDOWS\System32\KERNEL32.DLL
0x00007ffd244c0000 - 0x00007ffd246dd000 	C:\WINDOWS\System32\KERNELBASE.dll
0x00007ffd25060000 - 0x00007ffd25102000 	C:\WINDOWS\System32\ADVAPI32.dll
0x00007ffd27580000 - 0x00007ffd2761e000 	C:\WINDOWS\System32\msvcrt.dll
0x00007ffd273a0000 - 0x00007ffd273f9000 	C:\WINDOWS\System32\sechost.dll
0x00007ffd270a0000 - 0x00007ffd271c1000 	C:\WINDOWS\System32\RPCRT4.dll
0x00007ffd27400000 - 0x00007ffd27565000 	C:\WINDOWS\System32\USER32.dll
0x00007ffd23b10000 - 0x00007ffd23b2e000 	C:\WINDOWS\System32\win32u.dll
0x00007ffd27240000 - 0x00007ffd27274000 	C:\WINDOWS\System32\GDI32.dll
0x00007ffd24a20000 - 0x00007ffd24ba2000 	C:\WINDOWS\System32\gdi32full.dll
0x00007ffd18a90000 - 0x00007ffd18d09000 	C:\WINDOWS\WinSxS\amd64_microsoft.windows.common-controls_6595b64144ccf1df_6.0.14393.447_none_42191651c6827bb3\COMCTL32.dll
0x00007ffd24bb0000 - 0x00007ffd24e78000 	C:\WINDOWS\System32\combase.dll
0x00007ffd246e0000 - 0x00007ffd247d5000 	C:\WINDOWS\System32\ucrtbase.dll
0x00007ffd247e0000 - 0x00007ffd2484a000 	C:\WINDOWS\System32\bcryptPrimitives.dll
0x00007ffd27340000 - 0x00007ffd2736e000 	C:\WINDOWS\System32\IMM32.DLL
0x0000000050e10000 - 0x0000000050ee2000 	C:\Program Files\Java\jdk1.8.0_92\jre\bin\msvcr100.dll
0x0000000050570000 - 0x0000000050e06000 	C:\Program Files\Java\jdk1.8.0_92\jre\bin\server\jvm.dll
0x00007ffd27230000 - 0x00007ffd27238000 	C:\WINDOWS\System32\PSAPI.DLL
0x00007ffd1ba10000 - 0x00007ffd1ba19000 	C:\WINDOWS\SYSTEM32\WSOCK32.dll
0x00007ffd21ee0000 - 0x00007ffd21f03000 	C:\WINDOWS\SYSTEM32\WINMM.dll
0x00007ffd26920000 - 0x00007ffd2698a000 	C:\WINDOWS\System32\WS2_32.dll
0x00007ffd170a0000 - 0x00007ffd170aa000 	C:\WINDOWS\SYSTEM32\VERSION.dll
0x00007ffd21eb0000 - 0x00007ffd21edb000 	C:\WINDOWS\SYSTEM32\WINMMBASE.dll
0x00007ffd24320000 - 0x00007ffd24362000 	C:\WINDOWS\System32\cfgmgr32.dll
0x0000000050560000 - 0x000000005056f000 	C:\Program Files\Java\jdk1.8.0_92\jre\bin\verify.dll
0x0000000050530000 - 0x0000000050559000 	C:\Program Files\Java\jdk1.8.0_92\jre\bin\java.dll
0x0000000050510000 - 0x0000000050526000 	C:\Program Files\Java\jdk1.8.0_92\jre\bin\zip.dll
0x00007ffd25170000 - 0x00007ffd26679000 	C:\WINDOWS\System32\SHELL32.dll
0x00007ffd23b90000 - 0x00007ffd2426a000 	C:\WINDOWS\System32\windows.storage.dll
0x00007ffd23ab0000 - 0x00007ffd23afc000 	C:\WINDOWS\System32\powrprof.dll
0x00007ffd271d0000 - 0x00007ffd27222000 	C:\WINDOWS\System32\shlwapi.dll
0x00007ffd23a80000 - 0x00007ffd23a8f000 	C:\WINDOWS\System32\kernel.appcore.dll
0x00007ffd24270000 - 0x00007ffd24319000 	C:\WINDOWS\System32\shcore.dll
0x00007ffd23a90000 - 0x00007ffd23aa4000 	C:\WINDOWS\System32\profapi.dll

VM Arguments:
jvm_args: -Djava.awt.headless=true -Xmx1024M -Dfile.encoding=windows-1252 -Duser.country=GB -Duser.language=en -Duser.variant 
java_command: com.android.dx.command.Main --dex --num-threads=4 --multi-dex --main-dex-list C:\Users\Edgaras\Desktop\Improved version\Android\app\build\intermediates\multi-dex\debug\maindexlist.txt --output C:\Users\Edgaras\Desktop\Improved version\Android\app\build\intermediates\transforms\dex\debug\folders\1000\1f\main C:\Users\Edgaras\Desktop\Improved version\Android\app\build\intermediates\transforms\jarMerging\debug\jars\1\1f\combined.jar
java_class_path (initial): C:\Users\Edgaras\AppData\Local\Android\sdk\build-tools\25.0.2\lib\dx.jar
Launcher Type: SUN_STANDARD

Environment Variables:
PATH=C:\ProgramData\Oracle\Java\javapath;C:\WINDOWS\system32;C:\WINDOWS;C:\WINDOWS\System32\Wbem;C:\WINDOWS\System32\WindowsPowerShell\v1.0\;C:\Program Files (x86)\MySQL\MySQL Fabric 1.5 & MySQL Utilities 1.5\;C:\Program Files (x86)\MySQL\MySQL Fabric 1.5 & MySQL Utilities 1.5\Doctrine extensions for PHP\;C:\Program Files\Microsoft SQL Server\130\Tools\Binn\;C:\Program Files\nodejs\;C:\WINDOWS\system32\config\systemprofile\.dnx\bin;C:\Program Files\Microsoft DNX\Dnvm\;C:\Users\Edgaras\AppData\Local\Android\Sdk\tools;C:\Users\Edgaras\AppData\Local\Android\Sdk\platform-tools;C:\Users\Edgaras\AppData\Roaming\npm;C:\Users\Edgaras\AppData\Local\Microsoft\WindowsApps;;C:\Program Files (x86)\Microsoft VS Code\bin
USERNAME=Edgaras
OS=Windows_NT
PROCESSOR_IDENTIFIER=Intel64 Family 6 Model 61 Stepping 4, GenuineIntel



---------------  S Y S T E M  ---------------

OS: Windows 10.0 , 64 bit Build 14393 (10.0.14393.0)

CPU:total 4 (2 cores per cpu, 2 threads per core) family 6 model 61 stepping 4, cmov, cx8, fxsr, mmx, sse, sse2, sse3, ssse3, sse4.1, sse4.2, popcnt, avx, avx2, aes, clmul, erms, 3dnowpref, lzcnt, ht, tsc, tscinvbit, bmi1, bmi2, adx

Memory: 4k page, physical 6204428k(386656k free), swap 11906428k(5068k free)

vm_info: Java HotSpot(TM) 64-Bit Server VM (25.92-b14) for windows-amd64 JRE (1.8.0_92-b14), built on Mar 31 2016 21:03:04 by "java_re" with MS VC++ 10.0 (VS2010)

time: Wed Mar 22 11:44:32 2017
elapsed time: 49 seconds (0d 0h 0m 49s)

